<?xml version="1.0" encoding="UTF-8"?>
<testng-results ignored="0" total="1" passed="1" failed="0" skipped="0">
  <reporter-output>
  </reporter-output>
  <suite started-at="2025-10-11T15:10:51 IST" name="Default suite" finished-at="2025-10-11T15:11:00 IST" duration-ms="8574">
    <groups>
    </groups>
    <test started-at="2025-10-11T15:10:51 IST" name="Default test" finished-at="2025-10-11T15:11:00 IST" duration-ms="8574">
      <class name="extentreports.LearnAddingScreenshot">
        <test-method signature="addScreenshot()[pri:0, instance:extentreports.LearnAddingScreenshot@2e6a8155]" started-at="2025-10-11T15:10:51 IST" name="addScreenshot" finished-at="2025-10-11T15:11:00 IST" duration-ms="8486" status="PASS">
          <reporter-output>
          </reporter-output>
        </test-method> <!-- addScreenshot -->
      </class> <!-- extentreports.LearnAddingScreenshot -->
    </test> <!-- Default test -->
  </suite> <!-- Default suite -->
</testng-results>
